[Licensing::Module] Trying to connect to existing licensing client channel...
Built from '6000.5/staging' branch; Version is '6000.5.3f1 (c2eb47b3a2a9) revision 12774215'; Using compiler version '194234433'; Build Type 'Release'
[Licensing::IpcConnector] Successfully connected to: "LicenseClient-BACANI FAM" at "2026-07-14T14:37:50.8015188Z"
OS: 'Windows 11  (10.0.26200) CoreSingleLanguage' Language: 'en' Physical Memory: 15693 MB
BatchMode: 1, IsHumanControllingUs: 0, StartBugReporterOnCrash: 0, Is64bit: 1
System  architecture: x64
Process architecture: x64
Date: 2026-07-14T14:37:50Z

COMMAND LINE ARGUMENTS:
C:\Program Files\Unity\Hub\Editor\6000.5.3f1\Editor\Unity.exe
-adb2
-batchMode
-noUpm
-name
AssetImportWorkerHW3
-projectPath
C:/Users/BACANI FAM/Documents/GitHub/agihanMotorways
-logFile
Logs/AssetImportWorkerHW3.log
-srvPort
52440
-parentPid
31656
-analyticsCloudUserId
18967682758710
-analyticsLocalProjectId
84e7bc41f51e5a345bf9aa577495aa3b
-licensingIpc
LicenseClient-BACANI FAM
-noDiagnosticSwitchPersistentStore
-job-worker-count
5
-background-job-worker-count
8
-asset-garbage-collectors
1
-force-d3d12
-name
AssetImport
Successfully changed project path to: C:/Users/BACANI FAM/Documents/GitHub/agihanMotorways
C:/Users/BACANI FAM/Documents/GitHub/agihanMotorways
[UnityMemory] Configuration Parameters - Can be set up in boot.config
    "memorysetup-temp-allocator-size-gi-baking-worker=262144"
    "memorysetup-temp-allocator-size-gi-baking-worker=262144"
    "memorysetup-temp-allocator-size-gi-baking-worker=262144"
    "memorysetup-temp-allocator-size-gi-baking-worker=262144"
    "memorysetup-temp-allocator-size-gi-baking-worker=262144"
    "memorysetup-temp-allocator-size-nav-mesh-worker=65536"
    "memorysetup-temp-allocator-size-audio-worker=65536"
    "memorysetup-temp-allocator-size-cloud-worker=32768"
    "memorysetup-temp-allocator-size-gfx=262144"
    "memorysetup-temp-allocator-size-preload-manager=33554432"
    "memorysetup-allocator-temp-initial-block-size-main=262144"
    "memorysetup-allocator-temp-initial-block-size-worker=262144"
    "memorysetup-temp-allocator-size-job-worker=262144"
    "memorysetup-temp-allocator-size-background-worker=32768"
    "memorysetup-bucket-allocator-granularity=16"
    "memorysetup-bucket-allocator-bucket-count=8"
    "memorysetup-bucket-allocator-block-size=33554432"
    "memorysetup-bucket-allocator-block-count=8"
    "memorysetup-main-allocator-block-size=16777216"
    "memorysetup-thread-allocator-block-size=16777216"
    "memorysetup-main-allocator-mimalloc-enabled=0"
    "memorysetup-gfx-main-allocator-block-size=16777216"
    "memorysetup-gfx-thread-allocator-block-size=16777216"
    "memorysetup-cache-allocator-block-size=4194304"
    "memorysetup-typetree-allocator-block-size=2097152"
    "memorysetup-profiler-bucket-allocator-granularity=16"
    "memorysetup-profiler-bucket-allocator-bucket-count=8"
    "memorysetup-profiler-bucket-allocator-block-size=33554432"
    "memorysetup-profiler-bucket-allocator-block-count=8"
    "memorysetup-profiler-allocator-block-size=16777216"
    "memorysetup-profiler-editor-allocator-block-size=1048576"
    "memorysetup-temp-allocator-size-main=16777216"
    "memorysetup-job-temp-allocator-block-size=2097152"
    "memorysetup-job-temp-allocator-block-size-background=1048576"
    "memorysetup-job-temp-allocator-reduction-small-platforms=262144"
Player connection [31432]  Target information:

Player connection [31432]  * "[IP] 192.168.254.108 [Port] 0 [Flags] 2 [Guid] 4153615408 [EditorId] 4153615408 [Version] 1048832 [Id] WindowsEditor(7,LAPTOP-M46RC77R) [Debug] 1 [PackageName] WindowsEditor [ProjectName] Editor" 

Player connection [31432] Host joined multi-casting on [225.0.0.222:54997]...
Player connection [31432] Host joined alternative multi-casting on [225.0.0.222:34997]...
JobSystem: Creating JobQueue using job-worker-count value 5
Input System module state changed to: Initialized.
[Physics::Module] Initialized fallback backend.
[Physics::Module] Id: 0xdecafbad
Library Redirect Path: Library/
[Physics::Module] Selected backend.
[Physics::Module] Name: PhysX
[Physics::Module] Id: 0xf2b8ea05
[Physics::Module] SDK Version: 4.1.2
[Physics::Module] Integration Version: 1.0.0
[Physics::Module] Threading Mode: Multi-Threaded
Initialize engine version: 6000.5.3f1 (c2eb47b3a2a9)
[Subsystems] Discovering subsystems at path C:/Program Files/Unity/Hub/Editor/6000.5.3f1/Editor/Data/Resources/UnitySubsystems
[Subsystems] Discovering subsystems at path C:/Users/BACANI FAM/Documents/GitHub/agihanMotorways/Assets
Forcing GfxDevice: Direct3D 12
GfxDevice: creating device client; kGfxThreadingModeNonThreaded
d3d12: failed to query info queue interface (0x80004002).
Direct3D:
    Version:         Direct3D 12 [level 12.1]
    Renderer:        AMD Radeon(TM) Graphics (ID=0x164c)
    Vendor:          ATI
    VRAM:            7846 MB
    App VRAM Budget: 7669 MB
    Driver:          31.0.21914.8004
    Unified Memory Architecture
Initialize mono
Mono path[0] = 'C:/Program Files/Unity/Hub/Editor/6000.5.3f1/Editor/Data/Managed'
Mono path[1] = 'C:/Program Files/Unity/Hub/Editor/6000.5.3f1/Editor/Data/BCLExtensions/runtime/netstandard2.1'
Mono path[2] = 'C:/Program Files/Unity/Hub/Editor/6000.5.3f1/Editor/Data/MonoBleedingEdge/lib/mono/unityjit-win32'
Mono config path = 'C:/Program Files/Unity/Hub/Editor/6000.5.3f1/Editor/Data/MonoBleedingEdge/etc'
Using monoOptions --debugger-agent=transport=dt_socket,embedding=1,server=y,suspend=n,address=127.0.0.1:56320
CodeReloadManager initialized
Begin MonoManager ReloadAssembly
Registering precompiled unity dll's ...
Register platform support module: C:/Program Files/Unity/Hub/Editor/6000.5.3f1/Editor/Data/PlaybackEngines/WindowsStandaloneSupport/UnityEditor.WindowsStandalone.Extensions.dll
Registered in 0.006591 seconds.
Native extension for WindowsStandalone target not found
Package Manager log level set to [2]
[Package Manager] Failed to launch server process. Reason: Unity was launched with the -noUpm command-line argument
[Package Manager] Unable to send message (not connected to server process).
[Package Manager] Cannot connect to Unity Package Manager local server
ScheduleIndexationOnStartup MainProcess:False IndexOnStartup:True
Mono: successfully reloaded assembly
- Finished resetting the current domain, in  1.255 seconds
Domain Reload Profiling: 2907ms
	BeginReloadAssembly (426ms)
	RebuildCommonClasses (15ms)
	RebuildNativeTypeToScriptingClass (56ms)
	initialDomainReloadingComplete (241ms)
	LoadAllAssembliesAndSetupDomain (907ms)
		LoadAssemblies (415ms)
		AnalyzeDomain (661ms)
			TypeCache.Refresh (657ms)
				TypeCache.ScanAssembly (617ms)
	FinalizeReload (1263ms)
		SetupLoadedEditorAssemblies (0ms)
			InitializePlatformSupportModulesInManaged (7ms)
			BeforeProcessingInitializeOnLoad (303ms)
			ProcessInitializeOnLoadAttributes (338ms)
			ProcessInitializeOnLoadMethodAttributes (384ms)
Initializing Unity extensions:
[Licensing::Module] Licensing is not yet initialized.
[Licensing::Client] Error: HandshakeResponse reported an error:
	ResponseCode: 505
	ResponseStatus: Unsupported protocol version '1.18.1'.
[Licensing::Module] Error: Failed to handshake to channel: "LicenseClient-BACANI FAM"
[Licensing::IpcConnector] LicenseClient-BACANI FAM channel disconnected successfully.
[Licensing::IpcConnector] Successfully connected to: "LicenseClient-BACANI FAM-6000.5.3" at "2026-07-14T14:37:57.1730014Z"
[Licensing::Client] Code 10 while verifying Licensing Client signature (process Id: 8848, path: "C:/Program Files/Unity/Hub/Editor/6000.5.3f1/Editor/Data/Resources/Licensing/Client/Unity.Licensing.Client.exe")
[Licensing::Module] LicensingClient has failed validation; ignoring
[Licensing::Client] Handshaking with LicensingClient:
  Version:                 1.18.1+9fbee8e
  Session Id:              7eea61763c78462f956a5e7d9fc18fbd
  Correlation Id:          a675b0450301c8543b9b3e057989bd98
  External correlation Id: 3719732993885874989
  Machine Id:              guTVK3UK8wmHNeOSSkZjV1OBRbw=
[Licensing::Module] Successfully connected to LicensingClient on channel: "LicenseClient-BACANI FAM-6000.5.3" (connect: 0.00s, validation: 0.00s, handshake: 0.03s)
[Licensing::IpcConnector] Successfully connected to: "LicenseClient-BACANI FAM-6000.5.3-notifications" at "2026-07-14T14:37:57.2041614Z"
[Licensing::Module] Licensing Background thread has ended after 6.40s
[Licensing::Module] Licensing is initialized (took 1.93s).
[Licensing::Client] Successfully resolved entitlement details
[Licensing::Module] License group:
  Id: 18967682758710-UnityPersXXXX
  Product: Unity Personal
  Type: Assigned
  Expiration: Unlimited
========================================================================
Worker process is ready to serve import requests
Import Worker Mode flag is 0x00
Begin MonoManager ReloadAssembly
Native extension for WindowsStandalone target not found
[Package Manager] Failed to launch server process. Reason: Unity was launched with the -noUpm command-line argument
[Package Manager] Unable to send message (not connected to server process).
[Package Manager] Cannot connect to Unity Package Manager local server
ScheduleIndexationOnStartup MainProcess:False IndexOnStartup:True
Mono: successfully reloaded assembly
- Finished resetting the current domain, in  1.146 seconds
Domain Reload Profiling: 2295ms
	BeginReloadAssembly (567ms)
		DisableScriptedObjects (17ms)
		CreateAndSetChildDomain (78ms)
	RebuildCommonClasses (29ms)
	RebuildNativeTypeToScriptingClass (53ms)
	initialDomainReloadingComplete (128ms)
	LoadAllAssembliesAndSetupDomain (367ms)
		LoadAssemblies (333ms)
		AnalyzeDomain (79ms)
			TypeCache.Refresh (42ms)
				TypeCache.ScanAssembly (31ms)
			BuildScriptInfoCaches (27ms)
			ResolveRequiredComponents (5ms)
	FinalizeReload (1151ms)
		SetupLoadedEditorAssemblies (0ms)
			InitializePlatformSupportModulesInManaged (5ms)
			BeforeProcessingInitializeOnLoad (283ms)
			ProcessInitializeOnLoadAttributes (253ms)
			ProcessInitializeOnLoadMethodAttributes (219ms)
			AfterProcessingInitializeOnLoad (18ms)
		AwakeInstancesAfterBackupRestoration (8ms)
AcceleratorClientConnectionCallback - disconnected - :0
Launched and connected shader compiler UnityShaderCompiler.exe after 0.04 seconds
Unloading 0 Unused Serialized files (Serialized files now loaded: 0)
Curl error 3: URL rejected: Malformed input to a URL function
Unloading 560 unused Assets / (107.9 KB). Loaded Objects now: 1184.
Memory consumption went from 157.1 MB to 157.0 MB.
Total: 11.207900 ms (FindLiveObjects: 0.380000 ms CreateObjectMapping: 0.221000 ms MarkObjects: 10.084600 ms  DeleteObjects: 0.516700 ms)

========================================================================
Received Prepare
AcceleratorClientConnectionCallback - disconnected - :0
Begin MonoManager ReloadAssembly
[Licensing::Client] Successfully resolved entitlement details
Native extension for WindowsStandalone target not found
[Package Manager] Failed to launch server process. Reason: Unity was launched with the -noUpm command-line argument
[Package Manager] Unable to send message (not connected to server process).
[Package Manager] Cannot connect to Unity Package Manager local server
ScheduleIndexationOnStartup MainProcess:False IndexOnStartup:True
Mono: successfully reloaded assembly
- Finished resetting the current domain, in  1.393 seconds
Domain Reload Profiling: 2501ms
	BeginReloadAssembly (564ms)
		DisableScriptedObjects (25ms)
		CreateAndSetChildDomain (63ms)
	RebuildCommonClasses (23ms)
	RebuildNativeTypeToScriptingClass (55ms)
	initialDomainReloadingComplete (145ms)
	LoadAllAssembliesAndSetupDomain (315ms)
		LoadAssemblies (342ms)
		AnalyzeDomain (20ms)
			TypeCache.Refresh (10ms)
			ResolveRequiredComponents (5ms)
	FinalizeReload (1399ms)
		SetupLoadedEditorAssemblies (0ms)
			InitializePlatformSupportModulesInManaged (7ms)
			BeforeProcessingInitializeOnLoad (319ms)
			ProcessInitializeOnLoadAttributes (285ms)
			ProcessInitializeOnLoadMethodAttributes (278ms)
			AfterProcessingInitializeOnLoad (22ms)
		AwakeInstancesAfterBackupRestoration (10ms)
Unloading 0 Unused Serialized files (Serialized files now loaded: 0)
Unloading 558 unused Assets / (118.1 KB). Loaded Objects now: 1184.
Memory consumption went from 156.5 MB to 156.3 MB.
Total: 11.890300 ms (FindLiveObjects: 0.189600 ms CreateObjectMapping: 0.163100 ms MarkObjects: 10.999900 ms  DeleteObjects: 0.534200 ms)

Prepare: number of updated asset objects reloaded= 0
========================================================================
Received Prepare
AcceleratorClientConnectionCallback - disconnected - :0
Begin MonoManager ReloadAssembly
[Licensing::Client] Successfully resolved entitlement details
Native extension for WindowsStandalone target not found
[Package Manager] Failed to launch server process. Reason: Unity was launched with the -noUpm command-line argument
[Package Manager] Unable to send message (not connected to server process).
[Package Manager] Cannot connect to Unity Package Manager local server
ScheduleIndexationOnStartup MainProcess:False IndexOnStartup:True
Mono: successfully reloaded assembly
- Finished resetting the current domain, in  1.623 seconds
Domain Reload Profiling: 3091ms
	BeginReloadAssembly (680ms)
		DisableScriptedObjects (27ms)
		CreateAndSetChildDomain (87ms)
	RebuildCommonClasses (32ms)
	RebuildNativeTypeToScriptingClass (73ms)
	initialDomainReloadingComplete (173ms)
	LoadAllAssembliesAndSetupDomain (503ms)
		LoadAssemblies (404ms)
		AnalyzeDomain (94ms)
			TypeCache.Refresh (18ms)
			BuildScriptInfoCaches (63ms)
			ResolveRequiredComponents (8ms)
	FinalizeReload (1631ms)
		SetupLoadedEditorAssemblies (0ms)
			InitializePlatformSupportModulesInManaged (7ms)
			BeforeProcessingInitializeOnLoad (383ms)
			ProcessInitializeOnLoadAttributes (316ms)
			ProcessInitializeOnLoadMethodAttributes (304ms)
			AfterProcessingInitializeOnLoad (27ms)
		AwakeInstancesAfterBackupRestoration (10ms)
Unloading 0 Unused Serialized files (Serialized files now loaded: 0)
Unloading 562 unused Assets / (63.2 KB). Loaded Objects now: 1188.
Memory consumption went from 157.2 MB to 157.2 MB.
Total: 12.909100 ms (FindLiveObjects: 0.301600 ms CreateObjectMapping: 0.250700 ms MarkObjects: 11.858800 ms  DeleteObjects: 0.495100 ms)

Prepare: number of updated asset objects reloaded= 0
========================================================================
Received Prepare
AcceleratorClientConnectionCallback - disconnected - :0
Unloading 0 Unused Serialized files (Serialized files now loaded: 0)
Unloading 558 unused Assets / (100.5 KB). Loaded Objects now: 1184.
Memory consumption went from 157.9 MB to 157.8 MB.
Total: 13.196900 ms (FindLiveObjects: 0.272700 ms CreateObjectMapping: 0.248900 ms MarkObjects: 12.281100 ms  DeleteObjects: 0.390400 ms)

Prepare: number of updated asset objects reloaded= 0
========================================================================
Received Prepare
AcceleratorClientConnectionCallback - disconnected - :0
Begin MonoManager ReloadAssembly
Native extension for WindowsStandalone target not found
[Package Manager] Failed to launch server process. Reason: Unity was launched with the -noUpm command-line argument
[Package Manager] Unable to send message (not connected to server process).
[Package Manager] Cannot connect to Unity Package Manager local server
ScheduleIndexationOnStartup MainProcess:False IndexOnStartup:True
Mono: successfully reloaded assembly
- Finished resetting the current domain, in  1.226 seconds
Domain Reload Profiling: 2447ms
	BeginReloadAssembly (613ms)
		DisableScriptedObjects (21ms)
		CreateAndSetChildDomain (77ms)
	RebuildCommonClasses (28ms)
	RebuildNativeTypeToScriptingClass (60ms)
	initialDomainReloadingComplete (119ms)
	LoadAllAssembliesAndSetupDomain (394ms)
		LoadAssemblies (373ms)
		AnalyzeDomain (72ms)
			TypeCache.Refresh (13ms)
			BuildScriptInfoCaches (50ms)
			ResolveRequiredComponents (6ms)
	FinalizeReload (1234ms)
		SetupLoadedEditorAssemblies (0ms)
			InitializePlatformSupportModulesInManaged (6ms)
			BeforeProcessingInitializeOnLoad (305ms)
			ProcessInitializeOnLoadAttributes (241ms)
			ProcessInitializeOnLoadMethodAttributes (202ms)
			AfterProcessingInitializeOnLoad (17ms)
		AwakeInstancesAfterBackupRestoration (9ms)
Unloading 0 Unused Serialized files (Serialized files now loaded: 0)
Unloading 558 unused Assets / (76.9 KB). Loaded Objects now: 1184.
Memory consumption went from 158.2 MB to 158.1 MB.
Total: 10.339400 ms (FindLiveObjects: 0.192000 ms CreateObjectMapping: 0.163500 ms MarkObjects: 9.670200 ms  DeleteObjects: 0.310400 ms)

Prepare: number of updated asset objects reloaded= 0
========================================================================
Received Prepare
AcceleratorClientConnectionCallback - disconnected - :0
Begin MonoManager ReloadAssembly
[Licensing::Client] Successfully resolved entitlement details
Native extension for WindowsStandalone target not found
[Package Manager] Failed to launch server process. Reason: Unity was launched with the -noUpm command-line argument
[Package Manager] Unable to send message (not connected to server process).
[Package Manager] Cannot connect to Unity Package Manager local server
ScheduleIndexationOnStartup MainProcess:False IndexOnStartup:True
Mono: successfully reloaded assembly
- Finished resetting the current domain, in  1.227 seconds
Domain Reload Profiling: 2350ms
	BeginReloadAssembly (565ms)
		DisableScriptedObjects (22ms)
		CreateAndSetChildDomain (77ms)
	RebuildCommonClasses (24ms)
	RebuildNativeTypeToScriptingClass (52ms)
	initialDomainReloadingComplete (116ms)
	LoadAllAssembliesAndSetupDomain (358ms)
		LoadAssemblies (322ms)
		AnalyzeDomain (67ms)
			TypeCache.Refresh (15ms)
			BuildScriptInfoCaches (44ms)
			ResolveRequiredComponents (5ms)
	FinalizeReload (1234ms)
		SetupLoadedEditorAssemblies (0ms)
			InitializePlatformSupportModulesInManaged (5ms)
			BeforeProcessingInitializeOnLoad (299ms)
			ProcessInitializeOnLoadAttributes (281ms)
			ProcessInitializeOnLoadMethodAttributes (222ms)
			AfterProcessingInitializeOnLoad (16ms)
		AwakeInstancesAfterBackupRestoration (8ms)
Unloading 0 Unused Serialized files (Serialized files now loaded: 0)
Unloading 562 unused Assets / (86.9 KB). Loaded Objects now: 1188.
Memory consumption went from 159.1 MB to 159.0 MB.
Total: 11.539900 ms (FindLiveObjects: 0.229600 ms CreateObjectMapping: 0.171900 ms MarkObjects: 10.674500 ms  DeleteObjects: 0.460700 ms)

Prepare: number of updated asset objects reloaded= 0
========================================================================
Received Prepare
AcceleratorClientConnectionCallback - disconnected - :0
Begin MonoManager ReloadAssembly
[Licensing::Client] Successfully resolved entitlement details
Native extension for WindowsStandalone target not found
[Package Manager] Failed to launch server process. Reason: Unity was launched with the -noUpm command-line argument
[Package Manager] Unable to send message (not connected to server process).
[Package Manager] Cannot connect to Unity Package Manager local server
ScheduleIndexationOnStartup MainProcess:False IndexOnStartup:True
Mono: successfully reloaded assembly
- Finished resetting the current domain, in  1.299 seconds
Domain Reload Profiling: 2356ms
	BeginReloadAssembly (505ms)
		DisableScriptedObjects (24ms)
		CreateAndSetChildDomain (66ms)
	RebuildCommonClasses (26ms)
	RebuildNativeTypeToScriptingClass (50ms)
	initialDomainReloadingComplete (125ms)
	LoadAllAssembliesAndSetupDomain (344ms)
		LoadAssemblies (300ms)
		AnalyzeDomain (24ms)
			TypeCache.Refresh (10ms)
			ResolveRequiredComponents (7ms)
	FinalizeReload (1306ms)
		SetupLoadedEditorAssemblies (0ms)
			InitializePlatformSupportModulesInManaged (6ms)
			BeforeProcessingInitializeOnLoad (307ms)
			ProcessInitializeOnLoadAttributes (255ms)
			ProcessInitializeOnLoadMethodAttributes (233ms)
			AfterProcessingInitializeOnLoad (24ms)
		AwakeInstancesAfterBackupRestoration (8ms)
Unloading 0 Unused Serialized files (Serialized files now loaded: 0)
Unloading 562 unused Assets / (86.8 KB). Loaded Objects now: 1188.
Memory consumption went from 160.1 MB to 160.0 MB.
Total: 10.203900 ms (FindLiveObjects: 0.200000 ms CreateObjectMapping: 0.166100 ms MarkObjects: 9.315000 ms  DeleteObjects: 0.519200 ms)

Prepare: number of updated asset objects reloaded= 0
========================================================================
Received Prepare
AcceleratorClientConnectionCallback - disconnected - :0
Unloading 0 Unused Serialized files (Serialized files now loaded: 0)
Unloading 0 unused Assets / (0 B). Loaded Objects now: 1188.
Memory consumption went from 160.5 MB to 160.5 MB.
Total: 12.066100 ms (FindLiveObjects: 0.138000 ms CreateObjectMapping: 0.078600 ms MarkObjects: 11.836400 ms  DeleteObjects: 0.010300 ms)

Prepare: number of updated asset objects reloaded= 0
========================================================================
Received Prepare
AcceleratorClientConnectionCallback - disconnected - :0
Begin MonoManager ReloadAssembly
[Licensing::Client] Successfully resolved entitlement details
Native extension for WindowsStandalone target not found
[Package Manager] Failed to launch server process. Reason: Unity was launched with the -noUpm command-line argument
[Package Manager] Unable to send message (not connected to server process).
[Package Manager] Cannot connect to Unity Package Manager local server
ScheduleIndexationOnStartup MainProcess:False IndexOnStartup:True
Mono: successfully reloaded assembly
- Finished resetting the current domain, in  1.234 seconds
Domain Reload Profiling: 2341ms
	BeginReloadAssembly (531ms)
		DisableScriptedObjects (25ms)
		CreateAndSetChildDomain (74ms)
	RebuildCommonClasses (28ms)
	RebuildNativeTypeToScriptingClass (55ms)
	initialDomainReloadingComplete (137ms)
	LoadAllAssembliesAndSetupDomain (350ms)
		LoadAssemblies (305ms)
		AnalyzeDomain (19ms)
			TypeCache.Refresh (8ms)
			ResolveRequiredComponents (5ms)
	FinalizeReload (1240ms)
		SetupLoadedEditorAssemblies (0ms)
			InitializePlatformSupportModulesInManaged (5ms)
			BeforeProcessingInitializeOnLoad (302ms)
			ProcessInitializeOnLoadAttributes (247ms)
			ProcessInitializeOnLoadMethodAttributes (226ms)
			AfterProcessingInitializeOnLoad (16ms)
		AwakeInstancesAfterBackupRestoration (8ms)
Unloading 0 Unused Serialized files (Serialized files now loaded: 0)
Unloading 562 unused Assets / (56.6 KB). Loaded Objects now: 1188.
Memory consumption went from 161.3 MB to 161.3 MB.
Total: 11.887900 ms (FindLiveObjects: 0.210100 ms CreateObjectMapping: 0.168500 ms MarkObjects: 10.941000 ms  DeleteObjects: 0.564400 ms)

Prepare: number of updated asset objects reloaded= 0
========================================================================
Received Prepare
AcceleratorClientConnectionCallback - disconnected - :0
Begin MonoManager ReloadAssembly
[Licensing::Client] Successfully resolved entitlement details
Native extension for WindowsStandalone target not found
[Package Manager] Failed to launch server process. Reason: Unity was launched with the -noUpm command-line argument
[Package Manager] Unable to send message (not connected to server process).
[Package Manager] Cannot connect to Unity Package Manager local server
ScheduleIndexationOnStartup MainProcess:False IndexOnStartup:True
Mono: successfully reloaded assembly
- Finished resetting the current domain, in  1.375 seconds
Domain Reload Profiling: 2493ms
	BeginReloadAssembly (539ms)
		DisableScriptedObjects (27ms)
		CreateAndSetChildDomain (61ms)
	RebuildCommonClasses (33ms)
	RebuildNativeTypeToScriptingClass (63ms)
	initialDomainReloadingComplete (140ms)
	LoadAllAssembliesAndSetupDomain (337ms)
		LoadAssemblies (329ms)
		AnalyzeDomain (18ms)
			TypeCache.Refresh (8ms)
			ResolveRequiredComponents (5ms)
	FinalizeReload (1382ms)
		SetupLoadedEditorAssemblies (0ms)
			InitializePlatformSupportModulesInManaged (7ms)
			BeforeProcessingInitializeOnLoad (329ms)
			ProcessInitializeOnLoadAttributes (272ms)
			ProcessInitializeOnLoadMethodAttributes (281ms)
			AfterProcessingInitializeOnLoad (28ms)
		AwakeInstancesAfterBackupRestoration (12ms)
Unloading 0 Unused Serialized files (Serialized files now loaded: 0)
Unloading 562 unused Assets / (82.7 KB). Loaded Objects now: 1188.
Memory consumption went from 162.6 MB to 162.6 MB.
Total: 12.113800 ms (FindLiveObjects: 0.287200 ms CreateObjectMapping: 0.194700 ms MarkObjects: 11.311700 ms  DeleteObjects: 0.317500 ms)

Prepare: number of updated asset objects reloaded= 0
========================================================================
Received Prepare
AcceleratorClientConnectionCallback - disconnected - :0
Unloading 0 Unused Serialized files (Serialized files now loaded: 0)
Unloading 0 unused Assets / (0 B). Loaded Objects now: 1188.
Memory consumption went from 163.0 MB to 163.0 MB.
Total: 11.555200 ms (FindLiveObjects: 0.143400 ms CreateObjectMapping: 0.081100 ms MarkObjects: 11.315700 ms  DeleteObjects: 0.011800 ms)

Prepare: number of updated asset objects reloaded= 0
========================================================================
Received Prepare
AcceleratorClientConnectionCallback - disconnected - :0
Begin MonoManager ReloadAssembly
[Licensing::Client] Successfully resolved entitlement details
Native extension for WindowsStandalone target not found
[Package Manager] Failed to launch server process. Reason: Unity was launched with the -noUpm command-line argument
[Package Manager] Unable to send message (not connected to server process).
[Package Manager] Cannot connect to Unity Package Manager local server
ScheduleIndexationOnStartup MainProcess:False IndexOnStartup:True
Mono: successfully reloaded assembly
- Finished resetting the current domain, in  1.321 seconds
Domain Reload Profiling: 2481ms
	BeginReloadAssembly (555ms)
		DisableScriptedObjects (27ms)
		CreateAndSetChildDomain (68ms)
	RebuildCommonClasses (33ms)
	RebuildNativeTypeToScriptingClass (79ms)
	initialDomainReloadingComplete (152ms)
	LoadAllAssembliesAndSetupDomain (335ms)
		LoadAssemblies (337ms)
		AnalyzeDomain (22ms)
			TypeCache.Refresh (10ms)
			ResolveRequiredComponents (7ms)
	FinalizeReload (1326ms)
		SetupLoadedEditorAssemblies (0ms)
			InitializePlatformSupportModulesInManaged (7ms)
			BeforeProcessingInitializeOnLoad (304ms)
			ProcessInitializeOnLoadAttributes (277ms)
			ProcessInitializeOnLoadMethodAttributes (287ms)
			AfterProcessingInitializeOnLoad (17ms)
		AwakeInstancesAfterBackupRestoration (9ms)
Unloading 0 Unused Serialized files (Serialized files now loaded: 0)
Unloading 562 unused Assets / (56.4 KB). Loaded Objects now: 1188.
Memory consumption went from 164.4 MB to 164.3 MB.
Total: 10.925000 ms (FindLiveObjects: 0.294900 ms CreateObjectMapping: 0.255100 ms MarkObjects: 10.051400 ms  DeleteObjects: 0.320000 ms)

Prepare: number of updated asset objects reloaded= 0
========================================================================
Received Prepare
AcceleratorClientConnectionCallback - disconnected - :0
Unloading 0 Unused Serialized files (Serialized files now loaded: 0)
Unloading 0 unused Assets / (0 B). Loaded Objects now: 1188.
Memory consumption went from 164.7 MB to 164.7 MB.
Total: 10.620800 ms (FindLiveObjects: 0.151600 ms CreateObjectMapping: 0.081300 ms MarkObjects: 10.374300 ms  DeleteObjects: 0.010500 ms)

Prepare: number of updated asset objects reloaded= 0
========================================================================
Received Prepare
AcceleratorClientConnectionCallback - disconnected - :0
Begin MonoManager ReloadAssembly
[Licensing::Client] Successfully resolved entitlement details
Native extension for WindowsStandalone target not found
[Package Manager] Failed to launch server process. Reason: Unity was launched with the -noUpm command-line argument
[Package Manager] Unable to send message (not connected to server process).
[Package Manager] Cannot connect to Unity Package Manager local server
ScheduleIndexationOnStartup MainProcess:False IndexOnStartup:True
Mono: successfully reloaded assembly
- Finished resetting the current domain, in  1.275 seconds
Domain Reload Profiling: 2396ms
	BeginReloadAssembly (525ms)
		DisableScriptedObjects (29ms)
		CreateAndSetChildDomain (79ms)
	RebuildCommonClasses (24ms)
	RebuildNativeTypeToScriptingClass (59ms)
	initialDomainReloadingComplete (157ms)
	LoadAllAssembliesAndSetupDomain (350ms)
		LoadAssemblies (294ms)
		AnalyzeDomain (18ms)
			TypeCache.Refresh (8ms)
			ResolveRequiredComponents (5ms)
	FinalizeReload (1281ms)
		SetupLoadedEditorAssemblies (0ms)
			InitializePlatformSupportModulesInManaged (6ms)
			BeforeProcessingInitializeOnLoad (333ms)
			ProcessInitializeOnLoadAttributes (238ms)
			ProcessInitializeOnLoadMethodAttributes (246ms)
			AfterProcessingInitializeOnLoad (15ms)
		AwakeInstancesAfterBackupRestoration (8ms)
Unloading 0 Unused Serialized files (Serialized files now loaded: 0)
Unloading 562 unused Assets / (104.0 KB). Loaded Objects now: 1188.
Memory consumption went from 166.1 MB to 166.0 MB.
Total: 10.313400 ms (FindLiveObjects: 0.207100 ms CreateObjectMapping: 0.166200 ms MarkObjects: 9.571300 ms  DeleteObjects: 0.365300 ms)

Prepare: number of updated asset objects reloaded= 0
========================================================================
Received Prepare
AcceleratorClientConnectionCallback - disconnected - :0
Unloading 0 Unused Serialized files (Serialized files now loaded: 0)
Unloading 0 unused Assets / (0 B). Loaded Objects now: 1188.
Memory consumption went from 166.5 MB to 166.5 MB.
Total: 13.264300 ms (FindLiveObjects: 0.223700 ms CreateObjectMapping: 0.114900 ms MarkObjects: 12.910700 ms  DeleteObjects: 0.011600 ms)

Prepare: number of updated asset objects reloaded= 0
Editor requested this worker to shutdown with reason: Editor is closing down
AcceleratorClientConnectionCallback - disconnected - :0
AssetImportWorker is now disconnected from the server
Process exiting
Exiting without the bug reporter. Application will terminate with return code 0